<html>
<head>
<title>TestNG:  TutorialsNinja Tests</title>
<link href="../testng.css" rel="stylesheet" type="text/css" />
<link href="../my-testng.css" rel="stylesheet" type="text/css" />

<style type="text/css">
.log { display: none;} 
.stack-trace { display: none;} 
</style>
<script type="text/javascript">
<!--
function flip(e) {
  current = e.style.display;
  if (current == 'block') {
    e.style.display = 'none';
    return 0;
  }
  else {
    e.style.display = 'block';
    return 1;
  }
}

function toggleBox(szDivId, elem, msg1, msg2)
{
  var res = -1;  if (document.getElementById) {
    res = flip(document.getElementById(szDivId));
  }
  else if (document.all) {
    // this is the way old msie versions work
    res = flip(document.all[szDivId]);
  }
  if(elem) {
    if(res == 0) elem.innerHTML = msg1; else elem.innerHTML = msg2;
  }

}

function toggleAllBoxes() {
  if (document.getElementsByTagName) {
    d = document.getElementsByTagName('div');
    for (i = 0; i < d.length; i++) {
      if (d[i].className == 'log') {
        flip(d[i]);
      }
    }
  }
}

// -->
</script>

</head>
<body>
<h2 align='center'>TutorialsNinja Tests</h2><table border='1' align="center">
<tr>
<td>Tests passed/Failed/Skipped:</td><td>12/2/0</td>
</tr><tr>
<td>Started on:</td><td>Wed Feb 14 21:57:30 IST 2024</td>
</tr>
<tr><td>Total time:</td><td>248 seconds (248682 ms)</td>
</tr><tr>
<td>Included groups:</td><td></td>
</tr><tr>
<td>Excluded groups:</td><td></td>
</tr>
</table><p/>
<small><i>(Hover the method name to see the test class name)</i></small><p/>
<table width='100%' border='1' class='invocation-failed'>
<tr><td colspan='4' align='center'><b>FAILED TESTS</b></td></tr>
<tr><td><b>Test method</b></td>
<td><b>Attribute(s)</b></td>
<td width="30%"><b>Exception</b></td>
<td width="10%"><b>Time (seconds)</b></td>
<td><b>Instance</b></td>
</tr>
<tr>
<td title='com.tutorialsNinja.Qa.TestCases.SearchTest.verifySearchWithoutAnyProduct()'><b>verifySearchWithoutAnyProduct</b><br>Test class: com.tutorialsNinja.Qa.TestCases.SearchTest</td>
<td><div><pre>java.lang.AssertionError: No product is search result is not diaplayed expected [There is no product that matches the search criteria XX.] but found [There is no product that matches the search criteria.]
	at com.tutorialsNinja.Qa.TestCases.SearchTest.verifySearchWithoutAnyProduct(SearchTest.java:59)
	at java.base/java.util.ArrayList.forEach(ArrayList.java:1540)
... Removed 32 stack frames</pre></div><a href='#' onClick='toggleBox("stack-trace127252077", this, "Click to show all stack frames", "Click to hide stack frames")'>Click to show all stack frames</a>
<div class='stack-trace' id='stack-trace127252077'><pre>java.lang.AssertionError: No product is search result is not diaplayed expected [There is no product that matches the search criteria XX.] but found [There is no product that matches the search criteria.]
	at org.testng.Assert.fail(Assert.java:110)
	at org.testng.Assert.failNotEquals(Assert.java:1413)
	at org.testng.Assert.assertEqualsImpl(Assert.java:149)
	at org.testng.Assert.assertEquals(Assert.java:131)
	at org.testng.Assert.assertEquals(Assert.java:655)
	at com.tutorialsNinja.Qa.TestCases.SearchTest.verifySearchWithoutAnyProduct(SearchTest.java:59)
	at java.base/jdk.internal.reflect.NativeMethodAccessorImpl.invoke0(Native Method)
	at java.base/jdk.internal.reflect.NativeMethodAccessorImpl.invoke(NativeMethodAccessorImpl.java:62)
	at java.base/jdk.internal.reflect.DelegatingMethodAccessorImpl.invoke(DelegatingMethodAccessorImpl.java:43)
	at java.base/java.lang.reflect.Method.invoke(Method.java:567)
	at org.testng.internal.invokers.MethodInvocationHelper.invokeMethod(MethodInvocationHelper.java:139)
	at org.testng.internal.invokers.TestInvoker.invokeMethod(TestInvoker.java:677)
	at org.testng.internal.invokers.TestInvoker.invokeTestMethod(TestInvoker.java:221)
	at org.testng.internal.invokers.MethodRunner.runInSequence(MethodRunner.java:50)
	at org.testng.internal.invokers.TestInvoker$MethodInvocationAgent.invoke(TestInvoker.java:962)
	at org.testng.internal.invokers.TestInvoker.invokeTestMethods(TestInvoker.java:194)
	at org.testng.internal.invokers.TestMethodWorker.invokeTestMethods(TestMethodWorker.java:148)
	at org.testng.internal.invokers.TestMethodWorker.run(TestMethodWorker.java:128)
	at java.base/java.util.ArrayList.forEach(ArrayList.java:1540)
	at org.testng.TestRunner.privateRun(TestRunner.java:806)
	at org.testng.TestRunner.run(TestRunner.java:601)
	at org.testng.SuiteRunner.runTest(SuiteRunner.java:433)
	at org.testng.SuiteRunner.runSequentially(SuiteRunner.java:427)
	at org.testng.SuiteRunner.privateRun(SuiteRunner.java:387)
	at org.testng.SuiteRunner.run(SuiteRunner.java:330)
	at org.testng.SuiteRunnerWorker.runSuite(SuiteRunnerWorker.java:52)
	at org.testng.SuiteRunnerWorker.run(SuiteRunnerWorker.java:95)
	at org.testng.TestNG.runSuitesSequentially(TestNG.java:1256)
	at org.testng.TestNG.runSuitesLocally(TestNG.java:1176)
	at org.testng.TestNG.runSuites(TestNG.java:1099)
	at org.testng.TestNG.run(TestNG.java:1067)
	at org.testng.remote.AbstractRemoteTestNG.run(AbstractRemoteTestNG.java:115)
	at org.testng.remote.RemoteTestNG.initAndRun(RemoteTestNG.java:251)
	at org.testng.remote.RemoteTestNG.main(RemoteTestNG.java:77)
</pre></div></td>
<td>0</td>
<td>com.tutorialsNinja.Qa.TestCases.SearchTest@74235045</td></tr>
<tr>
<td title='com.tutorialsNinja.Qa.TestCases.SearchTest.verifySearchWithInvalidProductName()'><b>verifySearchWithInvalidProductName</b><br>Test class: com.tutorialsNinja.Qa.TestCases.SearchTest</td>
<td><div><pre>java.lang.AssertionError: No product is search result is not diaplayed expected [There is no product that matches the search criteria XX.] but found [There is no product that matches the search criteria.]
	at com.tutorialsNinja.Qa.TestCases.SearchTest.verifySearchWithInvalidProductName(SearchTest.java:50)
	at java.base/java.util.ArrayList.forEach(ArrayList.java:1540)
... Removed 32 stack frames</pre></div><a href='#' onClick='toggleBox("stack-trace1436127733", this, "Click to show all stack frames", "Click to hide stack frames")'>Click to show all stack frames</a>
<div class='stack-trace' id='stack-trace1436127733'><pre>java.lang.AssertionError: No product is search result is not diaplayed expected [There is no product that matches the search criteria XX.] but found [There is no product that matches the search criteria.]
	at org.testng.Assert.fail(Assert.java:110)
	at org.testng.Assert.failNotEquals(Assert.java:1413)
	at org.testng.Assert.assertEqualsImpl(Assert.java:149)
	at org.testng.Assert.assertEquals(Assert.java:131)
	at org.testng.Assert.assertEquals(Assert.java:655)
	at com.tutorialsNinja.Qa.TestCases.SearchTest.verifySearchWithInvalidProductName(SearchTest.java:50)
	at java.base/jdk.internal.reflect.NativeMethodAccessorImpl.invoke0(Native Method)
	at java.base/jdk.internal.reflect.NativeMethodAccessorImpl.invoke(NativeMethodAccessorImpl.java:62)
	at java.base/jdk.internal.reflect.DelegatingMethodAccessorImpl.invoke(DelegatingMethodAccessorImpl.java:43)
	at java.base/java.lang.reflect.Method.invoke(Method.java:567)
	at org.testng.internal.invokers.MethodInvocationHelper.invokeMethod(MethodInvocationHelper.java:139)
	at org.testng.internal.invokers.TestInvoker.invokeMethod(TestInvoker.java:677)
	at org.testng.internal.invokers.TestInvoker.invokeTestMethod(TestInvoker.java:221)
	at org.testng.internal.invokers.MethodRunner.runInSequence(MethodRunner.java:50)
	at org.testng.internal.invokers.TestInvoker$MethodInvocationAgent.invoke(TestInvoker.java:962)
	at org.testng.internal.invokers.TestInvoker.invokeTestMethods(TestInvoker.java:194)
	at org.testng.internal.invokers.TestMethodWorker.invokeTestMethods(TestMethodWorker.java:148)
	at org.testng.internal.invokers.TestMethodWorker.run(TestMethodWorker.java:128)
	at java.base/java.util.ArrayList.forEach(ArrayList.java:1540)
	at org.testng.TestRunner.privateRun(TestRunner.java:806)
	at org.testng.TestRunner.run(TestRunner.java:601)
	at org.testng.SuiteRunner.runTest(SuiteRunner.java:433)
	at org.testng.SuiteRunner.runSequentially(SuiteRunner.java:427)
	at org.testng.SuiteRunner.privateRun(SuiteRunner.java:387)
	at org.testng.SuiteRunner.run(SuiteRunner.java:330)
	at org.testng.SuiteRunnerWorker.runSuite(SuiteRunnerWorker.java:52)
	at org.testng.SuiteRunnerWorker.run(SuiteRunnerWorker.java:95)
	at org.testng.TestNG.runSuitesSequentially(TestNG.java:1256)
	at org.testng.TestNG.runSuitesLocally(TestNG.java:1176)
	at org.testng.TestNG.runSuites(TestNG.java:1099)
	at org.testng.TestNG.run(TestNG.java:1067)
	at org.testng.remote.AbstractRemoteTestNG.run(AbstractRemoteTestNG.java:115)
	at org.testng.remote.RemoteTestNG.initAndRun(RemoteTestNG.java:251)
	at org.testng.remote.RemoteTestNG.main(RemoteTestNG.java:77)
</pre></div></td>
<td>0</td>
<td>com.tutorialsNinja.Qa.TestCases.SearchTest@74235045</td></tr>
</table><p>
<table width='100%' border='1' class='invocation-passed'>
<tr><td colspan='4' align='center'><b>PASSED TESTS</b></td></tr>
<tr><td><b>Test method</b></td>
<td><b>Attribute(s)</b></td>
<td width="30%"><b>Exception</b></td>
<td width="10%"><b>Time (seconds)</b></td>
<td><b>Instance</b></td>
</tr>
<tr>
<td title='com.tutorialsNinja.Qa.TestCases.LoginTest.verifyLoginWithValidCredentials()'><b>verifyLoginWithValidCredentials</b><br>Test class: com.tutorialsNinja.Qa.TestCases.LoginTest<br>Parameters: gyanutushartest2@gmail.com, 12345</td>
<td></td>
<td>1</td>
<td>com.tutorialsNinja.Qa.TestCases.LoginTest@765d7657</td></tr>
<tr>
<td title='com.tutorialsNinja.Qa.TestCases.LoginTest.verifyLoginWithoutcredentials()'><b>verifyLoginWithoutcredentials</b><br>Test class: com.tutorialsNinja.Qa.TestCases.LoginTest</td>
<td></td>
<td>0</td>
<td>com.tutorialsNinja.Qa.TestCases.LoginTest@765d7657</td></tr>
<tr>
<td title='com.tutorialsNinja.Qa.TestCases.RegisterAccountTest.verifyRegist_registeredEmail()'><b>verifyRegist_registeredEmail</b><br>Test class: com.tutorialsNinja.Qa.TestCases.RegisterAccountTest</td>
<td></td>
<td>1</td>
<td>com.tutorialsNinja.Qa.TestCases.RegisterAccountTest@42a48628</td></tr>
<tr>
<td title='com.tutorialsNinja.Qa.TestCases.SearchTest.verifySearchWithValidProducts()'><b>verifySearchWithValidProducts</b><br>Test class: com.tutorialsNinja.Qa.TestCases.SearchTest</td>
<td></td>
<td>1</td>
<td>com.tutorialsNinja.Qa.TestCases.SearchTest@74235045</td></tr>
<tr>
<td title='com.tutorialsNinja.Qa.TestCases.RegisterAccountTest.verifyRegisterwithoutdetails()'><b>verifyRegisterwithoutdetails</b><br>Test class: com.tutorialsNinja.Qa.TestCases.RegisterAccountTest</td>
<td></td>
<td>0</td>
<td>com.tutorialsNinja.Qa.TestCases.RegisterAccountTest@42a48628</td></tr>
<tr>
<td title='com.tutorialsNinja.Qa.TestCases.RegisterAccountTest.VerifyRegisterWithMandatoryFeild()'><b>VerifyRegisterWithMandatoryFeild</b><br>Test class: com.tutorialsNinja.Qa.TestCases.RegisterAccountTest</td>
<td></td>
<td>1</td>
<td>com.tutorialsNinja.Qa.TestCases.RegisterAccountTest@42a48628</td></tr>
<tr>
<td title='com.tutorialsNinja.Qa.TestCases.LoginTest.verifyLoginWithValidCredentials()'><b>verifyLoginWithValidCredentials</b><br>Test class: com.tutorialsNinja.Qa.TestCases.LoginTest<br>Parameters: gyanutushartest3@gmail.com, 12345</td>
<td></td>
<td>1</td>
<td>com.tutorialsNinja.Qa.TestCases.LoginTest@765d7657</td></tr>
<tr>
<td title='com.tutorialsNinja.Qa.TestCases.LoginTest.verifyLoginWithInValidCredentials()'><b>verifyLoginWithInValidCredentials</b><br>Test class: com.tutorialsNinja.Qa.TestCases.LoginTest</td>
<td></td>
<td>2</td>
<td>com.tutorialsNinja.Qa.TestCases.LoginTest@765d7657</td></tr>
<tr>
<td title='com.tutorialsNinja.Qa.TestCases.RegisterAccountTest.verifyRegistringAccountAllFeild()'><b>verifyRegistringAccountAllFeild</b><br>Test class: com.tutorialsNinja.Qa.TestCases.RegisterAccountTest</td>
<td></td>
<td>1</td>
<td>com.tutorialsNinja.Qa.TestCases.RegisterAccountTest@42a48628</td></tr>
<tr>
<td title='com.tutorialsNinja.Qa.TestCases.LoginTest.verifyLoginWithValidCredentials()'><b>verifyLoginWithValidCredentials</b><br>Test class: com.tutorialsNinja.Qa.TestCases.LoginTest<br>Parameters: gyanutushartest1@gmail.com, 12345</td>
<td></td>
<td>1</td>
<td>com.tutorialsNinja.Qa.TestCases.LoginTest@765d7657</td></tr>
<tr>
<td title='com.tutorialsNinja.Qa.TestCases.LoginTest.verifyLoginWithInValidPassword()'><b>verifyLoginWithInValidPassword</b><br>Test class: com.tutorialsNinja.Qa.TestCases.LoginTest</td>
<td></td>
<td>0</td>
<td>com.tutorialsNinja.Qa.TestCases.LoginTest@765d7657</td></tr>
<tr>
<td title='com.tutorialsNinja.Qa.TestCases.LoginTest.verifyLoginWithInValidEmail()'><b>verifyLoginWithInValidEmail</b><br>Test class: com.tutorialsNinja.Qa.TestCases.LoginTest</td>
<td></td>
<td>0</td>
<td>com.tutorialsNinja.Qa.TestCases.LoginTest@765d7657</td></tr>
</table><p>
</body>
</html>